<?xml version="1.0" encoding="UTF-8"?>
<!-- Generated by org.testng.reporters.JUnitReportReporter -->
<testsuite skipped="0" hostname="DESKTOP-QJ973L4" name="testng.DemoC" tests="3" failures="0" timestamp="2020-07-11T07:22:25 IST" time="0.018" errors="0">
  <testcase name="openaccount" time="0.002" classname="testng.DemoC"/>
  <testcase name="createaccount" time="0.016" classname="testng.DemoC"/>
  <testcase name="deleteaccount" time="0.000" classname="testng.DemoC"/>
</testsuite> <!-- testng.DemoC -->
