<?xml version="1.0" encoding="UTF-8"?>
<!-- Generated by org.testng.reporters.JUnitReportReporter -->
<testsuite skipped="1" hostname="DESKTOP-QJ973L4" name="testng.Whatsapp" tests="5" failures="0" timestamp="2020-07-09T07:34:36 IST" time="0.034" errors="0">
  <testcase name="chats" time="0.026" classname="testng.Whatsapp"/>
  <testcase name="calls" time="0.003" classname="testng.Whatsapp"/>
  <testcase name="calls" time="0.003" classname="testng.Whatsapp"/>
  <testcase name="calls" time="0.002" classname="testng.Whatsapp"/>
  <testcase name="status" classname="testng.Whatsapp">
    <skipped/>
  </testcase> <!-- status -->
</testsuite> <!-- testng.Whatsapp -->
