<?xml version="1.0" encoding="UTF-8"?>
<!-- Generated by org.testng.reporters.JUnitReportReporter -->
<testsuite skipped="0" hostname="DESKTOP-QJ973L4" name="testng.Demo" tests="1" failures="0" timestamp="2020-07-09T07:14:01 IST" time="0.016" errors="0">
  <testcase name="sample" time="0.016" classname="testng.Demo"/>
</testsuite> <!-- testng.Demo -->
