<?xml version="1.0" encoding="UTF-8"?>
<!-- Generated by org.testng.reporters.JUnitReportReporter -->
<testsuite skipped="0" hostname="DESKTOP-QJ973L4" name="testng.Facebooktc2" tests="1" failures="0" timestamp="2020-07-10T07:03:51 IST" time="11.988" errors="0">
  <testcase name="createaccount" time="11.988" classname="testng.Facebooktc2"/>
</testsuite> <!-- testng.Facebooktc2 -->
