<?xml version="1.0" encoding="UTF-8"?>
<!-- Generated by org.testng.reporters.JUnitReportReporter -->
<testsuite skipped="0" hostname="DESKTOP-QJ973L4" name="testng.DemoA" tests="3" failures="0" timestamp="2020-07-10T07:51:24 IST" time="48.474" errors="0">
  <testcase name="test" time="14.789" classname="testng.DemoA"/>
  <testcase name="test" time="13.064" classname="testng.DemoA"/>
  <testcase name="test" time="20.621" classname="testng.DemoA"/>
</testsuite> <!-- testng.DemoA -->
