<?xml version="1.0" encoding="UTF-8"?>
<!-- Generated by org.testng.reporters.JUnitReportReporter -->
<testsuite skipped="0" hostname="DESKTOP-QJ973L4" name="testng.DemoB" tests="2" failures="0" timestamp="2020-07-11T07:09:09 IST" time="59.974" errors="0">
  <testcase name="testA" time="29.552" classname="testng.DemoB"/>
  <testcase name="testA" time="30.422" classname="testng.DemoB"/>
</testsuite> <!-- testng.DemoB -->
